build/app/intermediates/manifest_merge_blame_file/release/manifest-merger-blame-release-report.txt
1<?xml version="1.0" encoding="utf-8"?>
2<manifest xmlns:android="http://schemas.android.com/apk/res/android"
3    package="com.example.speed_tracker"
4    android:versionCode="1"
5    android:versionName="1.0.0" >
6
7    <uses-sdk
8        android:minSdkVersion="16"
8-->src\main\AndroidManifest.xml
9        android:targetSdkVersion="30" />
9-->src\main\AndroidManifest.xml
10
11    <uses-permission android:name="android.permission.INTERNET" />
11-->src\main\AndroidManifest.xml:4:5-66
11-->src\main\AndroidManifest.xml:4:22-64
12    <uses-permission android:name="android.permission.ACCESS_NETWORK_STATE" />
12-->src\main\AndroidManifest.xml:6:5-79
12-->src\main\AndroidManifest.xml:6:22-76
13    <uses-permission android:name="android.permission.ACCESS_FINE_LOCATION" />
13-->src\main\AndroidManifest.xml:7:5-79
13-->src\main\AndroidManifest.xml:7:22-76
14    <uses-permission android:name="android.permission.ACCESS_COARSE_LOCATION" />
14-->src\main\AndroidManifest.xml:8:5-81
14-->src\main\AndroidManifest.xml:8:22-78
15    <uses-permission android:name="android.permission.FOREGROUND_SERVICE" />
15-->[:geolocator_android] AndroidManifest.xml:7:5-77
15-->[:geolocator_android] AndroidManifest.xml:7:22-74
16
17    <application
17-->src\main\AndroidManifest.xml:10:8-47:23
18        android:name="androidx.multidex.MultiDexApplication"
19        android:appComponentFactory="androidx.core.app.CoreComponentFactory"
19-->[androidx.core:core:1.6.0] AndroidManifest.xml:24:18-86
20        android:icon="@mipmap/launcher_icon"
20-->src\main\AndroidManifest.xml:12:13-49
21        android:label="Data" >
21-->src\main\AndroidManifest.xml:11:13-33
22        <activity
22-->src\main\AndroidManifest.xml:13:13-41:24
23            android:name="com.example.speed_tracker.MainActivity"
23-->src\main\AndroidManifest.xml:14:17-45
24            android:configChanges="orientation|keyboardHidden|keyboard|screenSize|smallestScreenSize|locale|layoutDirection|fontScale|screenLayout|density|uiMode"
24-->src\main\AndroidManifest.xml:17:17-167
25            android:hardwareAccelerated="true"
25-->src\main\AndroidManifest.xml:18:17-51
26            android:launchMode="singleTop"
26-->src\main\AndroidManifest.xml:15:17-47
27            android:theme="@style/LaunchTheme"
27-->src\main\AndroidManifest.xml:16:17-51
28            android:windowSoftInputMode="adjustResize" >
28-->src\main\AndroidManifest.xml:19:17-59
29
30            <!--
31                     Specifies an Android theme to apply to this Activity as soon as
32                     the Android process has started. This theme is visible to the user
33                     while the Flutter UI initializes. After that, this theme continues
34                     to determine the Window background behind the Flutter UI.
35            -->
36            <meta-data
36-->src\main\AndroidManifest.xml:24:17-27:21
37                android:name="io.flutter.embedding.android.NormalTheme"
37-->src\main\AndroidManifest.xml:25:19-74
38                android:resource="@style/NormalTheme" />
38-->src\main\AndroidManifest.xml:26:19-56
39            <!--
40                     Displays an Android View that continues showing the launch screen
41                     Drawable until Flutter paints its first frame, then this splash
42                     screen fades out. A splash screen is useful to avoid any visual
43                     gap between the end of Android's launch screen and the painting of
44                     Flutter's first frame.
45            -->
46            <meta-data
46-->src\main\AndroidManifest.xml:33:17-36:21
47                android:name="io.flutter.embedding.android.SplashScreenDrawable"
47-->src\main\AndroidManifest.xml:34:19-83
48                android:resource="@drawable/launch_background" />
48-->src\main\AndroidManifest.xml:35:19-65
49
50            <intent-filter>
50-->src\main\AndroidManifest.xml:37:17-40:33
51                <action android:name="android.intent.action.MAIN" />
51-->src\main\AndroidManifest.xml:38:21-72
51-->src\main\AndroidManifest.xml:38:29-70
52
53                <category android:name="android.intent.category.LAUNCHER" />
53-->src\main\AndroidManifest.xml:39:21-80
53-->src\main\AndroidManifest.xml:39:31-78
54            </intent-filter>
55        </activity>
56        <!--
57                 Don't delete the meta-data below.
58                 This is used by the Flutter tool to generate GeneratedPluginRegistrant.java
59        -->
60        <meta-data
60-->src\main\AndroidManifest.xml:44:13-46:37
61            android:name="flutterEmbedding"
61-->src\main\AndroidManifest.xml:45:17-48
62            android:value="2" />
62-->src\main\AndroidManifest.xml:46:17-34
63
64        <service
64-->[:geolocator_android] AndroidManifest.xml:10:9-14:56
65            android:name="com.baseflow.geolocator.GeolocatorLocationService"
65-->[:geolocator_android] AndroidManifest.xml:11:13-77
66            android:enabled="true"
66-->[:geolocator_android] AndroidManifest.xml:12:13-35
67            android:exported="false"
67-->[:geolocator_android] AndroidManifest.xml:13:13-37
68            android:foregroundServiceType="location" />
68-->[:geolocator_android] AndroidManifest.xml:14:13-53
69
70        <uses-library
70-->[androidx.window:window:1.0.0-beta04] AndroidManifest.xml:25:9-27:40
71            android:name="androidx.window.extensions"
71-->[androidx.window:window:1.0.0-beta04] AndroidManifest.xml:26:13-54
72            android:required="false" />
72-->[androidx.window:window:1.0.0-beta04] AndroidManifest.xml:27:13-37
73        <uses-library
73-->[androidx.window:window:1.0.0-beta04] AndroidManifest.xml:28:9-30:40
74            android:name="androidx.window.sidecar"
74-->[androidx.window:window:1.0.0-beta04] AndroidManifest.xml:29:13-51
75            android:required="false" />
75-->[androidx.window:window:1.0.0-beta04] AndroidManifest.xml:30:13-37
76
77        <activity
77-->[com.google.android.gms:play-services-base:17.0.0] AndroidManifest.xml:23:9-26:75
78            android:name="com.google.android.gms.common.api.GoogleApiActivity"
78-->[com.google.android.gms:play-services-base:17.0.0] AndroidManifest.xml:24:13-79
79            android:exported="false"
79-->[com.google.android.gms:play-services-base:17.0.0] AndroidManifest.xml:25:13-37
80            android:theme="@android:style/Theme.Translucent.NoTitleBar" />
80-->[com.google.android.gms:play-services-base:17.0.0] AndroidManifest.xml:26:13-72
81
82        <meta-data
82-->[com.google.android.gms:play-services-basement:17.0.0] AndroidManifest.xml:23:9-25:69
83            android:name="com.google.android.gms.version"
83-->[com.google.android.gms:play-services-basement:17.0.0] AndroidManifest.xml:24:13-58
84            android:value="@integer/google_play_services_version" />
84-->[com.google.android.gms:play-services-basement:17.0.0] AndroidManifest.xml:25:13-66
85    </application>
86
87</manifest>